2021-09-13 22:20:05 -  - exec CUpdateClientPartner::__CollectRequestData
2021-09-13 22:20:05 -  - exec CUpdateClientPartner::GetHTTPPage
2021-09-13 22:20:05 -  - exec CUpdateClientPartner::ParseServerData
2021-09-13 22:20:05 -  - exec CUpdateClientPartner::GetUpdatesList
2021-09-13 22:20:05 -  - exec CUpdateClientPartner::__CollectRequestData
2021-09-13 22:20:05 -  - utf=Y&lang=ru&stable=Y&CANGZIP=Y&SUPD_DBS=MYSQL&XE=N&CLIENT_SITE=localhost&LICENSE_KEY=X&SUPD_STS=1&SUPD_URS=0&SUPD_URSA=1&TYPENC=D&CLIENT_PHPVER=7.4.22&NGINX=Y&dbv=10.4.20&instm=main%2C21.400.100%2CY%3Bui%2C21.300.0%2CN%3Bclouds%2C21.100.0%2CN%3Bb24connector%2C21.0.0%2CN%3Bsubscribe%2C21.0.0%2CN%3Bvote%2C21.0.0%2CN%3Bbitrix.sitepersonal%2C15.5.0%2CN%3Bseo%2C21.300.0%2CN%3Brest%2C21.200.0%2CN%3Bblog%2C21.200.0%2CN%3Bmessageservice%2C21.100.0%2CN%3Bmobileapp%2C21.0.50%2CN%3Bhighloadblock%2C21.100.0%2CN%3Bforum%2C21.100.0%2CN%3Bfileman%2C21.200.0%2CN%3Biblock%2C21.400.100%2CN%3Bperfmon%2C21.0.0%2CN%3Btranslate%2C21.100.0%2CN%3Bbitrix.sitecorporate%2C15.5.0%2CN%3Bscale%2C21.0.0%2CN%3Bbitrix.siteinfoportal%2C15.5.0%2CN%3Bform%2C21.0.0%2CN%3Bsecurity%2C21.0.0%2CN%3Bsocialservices%2C21.100.0%2CN%3Bbitrixcloud%2C21.0.0%2CN%3Bphotogallery%2C21.0.0%2CN%3Bsearch%2C21.0.100%2CN%3Blanding%2C21.300.300%2CN&reqm=bitrix.sitepersonal%2Cbitrix.sitecorporate%2Cbitrix.siteinfoportal&fullmoduleinfo=Y&SUPD_SRS=RU&SUPD_CMP=N
2021-09-13 22:20:05 -  - exec CUpdateClientPartner::GetHTTPPage
2021-09-13 22:20:05 -  - TIME GetUpdatesList(request) 0.275 sec
2021-09-13 22:20:05 -  - exec CUpdateClientPartner::ParseServerData
2021-09-13 22:20:05 -  - exec CUpdateClientPartner::__CollectRequestData
2021-09-13 22:20:05 -  - exec CUpdateClientPartner::GetHTTPPage
2021-09-13 22:20:05 -  - exec CUpdateClientPartner::ParseServerData
2021-09-16 13:17:20 -  - exec CUpdateClientPartner::__CollectRequestData
2021-09-16 13:17:20 -  - exec CUpdateClientPartner::GetHTTPPage
2021-09-16 13:17:21 -  - exec CUpdateClientPartner::ParseServerData
2021-09-16 13:17:21 -  - exec CUpdateClientPartner::GetUpdatesList
2021-09-16 13:17:21 -  - exec CUpdateClientPartner::__CollectRequestData
2021-09-16 13:17:21 -  - utf=Y&lang=ru&stable=Y&CANGZIP=Y&SUPD_DBS=MYSQL&XE=N&CLIENT_SITE=localhost&LICENSE_KEY=X&SUPD_STS=1&SUPD_URS=0&SUPD_URSA=1&TYPENC=D&CLIENT_PHPVER=7.4.22&NGINX=Y&dbv=10.4.20&instm=main%2C21.400.300%2CY%3Bui%2C21.400.0%2CN%3Bclouds%2C21.100.0%2CN%3Bb24connector%2C21.0.0%2CN%3Bsubscribe%2C21.0.0%2CN%3Bvote%2C21.0.0%2CN%3Bbitrix.sitepersonal%2C15.5.0%2CN%3Bseo%2C21.300.100%2CN%3Brest%2C21.300.0%2CN%3Bblog%2C21.200.0%2CN%3Bmessageservice%2C21.100.0%2CN%3Bmobileapp%2C21.0.50%2CN%3Bhighloadblock%2C21.100.0%2CN%3Bforum%2C21.100.0%2CN%3Bfileman%2C21.300.0%2CN%3Biblock%2C21.400.100%2CN%3Bperfmon%2C21.0.0%2CN%3Btranslate%2C21.100.0%2CN%3Bbitrix.sitecorporate%2C15.5.0%2CN%3Bscale%2C21.0.0%2CN%3Bbitrix.siteinfoportal%2C15.5.0%2CN%3Bform%2C21.0.0%2CN%3Bsecurity%2C21.0.0%2CN%3Bsocialservices%2C21.200.100%2CN%3Bbitrixcloud%2C21.0.0%2CN%3Bphotogallery%2C21.0.0%2CN%3Bsearch%2C21.0.100%2CN%3Blanding%2C21.400.100%2CN&reqm=bitrix.sitepersonal%2Cbitrix.sitecorporate%2Cbitrix.siteinfoportal&fullmoduleinfo=Y&SUPD_SRS=RU&SUPD_CMP=N
2021-09-16 13:17:21 -  - exec CUpdateClientPartner::GetHTTPPage
2021-09-16 13:17:21 -  - TIME GetUpdatesList(request) 0.54 sec
2021-09-16 13:17:21 -  - exec CUpdateClientPartner::ParseServerData
2021-09-16 13:17:21 -  - exec CUpdateClientPartner::__CollectRequestData
2021-09-16 13:17:21 -  - exec CUpdateClientPartner::GetHTTPPage
2021-09-16 13:17:22 -  - exec CUpdateClientPartner::ParseServerData
2021-09-17 14:01:00 -  - exec CUpdateClientPartner::__CollectRequestData
2021-09-17 14:01:00 -  - exec CUpdateClientPartner::GetHTTPPage
2021-09-17 14:01:00 -  - exec CUpdateClientPartner::ParseServerData
2021-09-17 14:01:00 -  - exec CUpdateClientPartner::GetUpdatesList
2021-09-17 14:01:00 -  - exec CUpdateClientPartner::__CollectRequestData
2021-09-17 14:01:00 -  - utf=Y&lang=ru&stable=Y&CANGZIP=Y&SUPD_DBS=MYSQL&XE=N&CLIENT_SITE=localhost&LICENSE_KEY=X&SUPD_STS=1&SUPD_URS=0&SUPD_URSA=1&TYPENC=D&CLIENT_PHPVER=7.4.22&NGINX=Y&dbv=10.4.20&instm=main%2C21.400.300%2CY%3Bui%2C21.400.0%2CN%3Bclouds%2C21.100.0%2CN%3Bb24connector%2C21.0.0%2CN%3Bsubscribe%2C21.0.0%2CN%3Bvote%2C21.0.0%2CN%3Bbitrix.sitepersonal%2C15.5.0%2CN%3Bseo%2C21.300.100%2CN%3Brest%2C21.300.0%2CN%3Bblog%2C21.200.0%2CN%3Bmessageservice%2C21.100.0%2CN%3Bmobileapp%2C21.0.50%2CN%3Bhighloadblock%2C21.100.0%2CN%3Bforum%2C21.100.0%2CN%3Bfileman%2C21.300.0%2CN%3Biblock%2C21.400.100%2CN%3Bperfmon%2C21.0.0%2CN%3Btranslate%2C21.100.0%2CN%3Bbitrix.sitecorporate%2C15.5.0%2CN%3Bscale%2C21.0.0%2CN%3Bbitrix.siteinfoportal%2C15.5.0%2CN%3Bform%2C21.0.0%2CN%3Bsecurity%2C21.0.0%2CN%3Bsocialservices%2C21.200.100%2CN%3Bbitrixcloud%2C21.0.0%2CN%3Bphotogallery%2C21.0.0%2CN%3Bsearch%2C21.0.100%2CN%3Blanding%2C21.400.100%2CN&reqm=bitrix.sitepersonal%2Cbitrix.sitecorporate%2Cbitrix.siteinfoportal&fullmoduleinfo=Y&SUPD_SRS=RU&SUPD_CMP=N
2021-09-17 14:01:00 -  - exec CUpdateClientPartner::GetHTTPPage
2021-09-17 14:01:01 -  - TIME GetUpdatesList(request) 0.328 sec
2021-09-17 14:01:01 -  - exec CUpdateClientPartner::ParseServerData
2021-09-17 14:01:01 -  - exec CUpdateClientPartner::__CollectRequestData
2021-09-17 14:01:01 -  - exec CUpdateClientPartner::GetHTTPPage
2021-09-17 14:01:01 -  - exec CUpdateClientPartner::ParseServerData
